2016-09-29 20:59:21,528 [Worker-2] INFO  c.g.t.t.d.PublishedGradleVersions - Gradle version information cache is up-to-date. Trying to read.
2016-10-20 19:53:29,793 [Worker-12] INFO  o.e.m.c.i.l.LifecycleMappingFactory - Using org.eclipse.m2e.jdt.JarLifecycleMapping lifecycle mapping for MavenProject: ContasReceber:ContasReceber:0.0.1-SNAPSHOT @ /Users/eduardocorreadesa/Documents/progweb-git/Workspace/ContasReceber/pom.xml.
2016-10-20 19:53:29,795 [Worker-2] INFO  o.e.m.c.i.l.LifecycleMappingFactory - Using org.eclipse.m2e.jdt.JarLifecycleMapping lifecycle mapping for MavenProject: ContasReceber:ContasReceber:0.0.1-SNAPSHOT @ /Users/eduardocorreadesa/Documents/progweb-git/Workspace/ContasReceber/pom.xml.
2016-10-20 19:53:29,839 [Worker-12] WARN  o.e.m.c.i.embedder.EclipseLogger - The POM for unknown.binary:AbsoluteLayout:jar:SNAPSHOT is missing, no dependency information available
2016-10-20 19:53:29,839 [Worker-2] WARN  o.e.m.c.i.embedder.EclipseLogger - The POM for unknown.binary:AbsoluteLayout:jar:SNAPSHOT is missing, no dependency information available
2016-10-20 19:53:31,736 [Worker-12] INFO  o.e.m.c.i.e.AbstractTransferListenerAdapter - Downloading https://repo.maven.apache.org/maven2/org/apache/maven/plugins/maven-surefire-plugin/2.12.4/maven-surefire-plugin-2.12.4.pom
2016-10-20 19:53:32,018 [Worker-12] INFO  o.e.m.c.i.e.AbstractTransferListenerAdapter - Downloaded https://repo.maven.apache.org/maven2/org/apache/maven/plugins/maven-surefire-plugin/2.12.4/maven-surefire-plugin-2.12.4.pom
2016-10-20 19:53:32,196 [Worker-12] INFO  o.e.m.c.i.e.AbstractTransferListenerAdapter - Downloading https://repo.maven.apache.org/maven2/org/apache/maven/surefire/surefire/2.12.4/surefire-2.12.4.pom
2016-10-20 19:53:32,795 [Worker-12] INFO  o.e.m.c.i.e.AbstractTransferListenerAdapter - Downloaded https://repo.maven.apache.org/maven2/org/apache/maven/surefire/surefire/2.12.4/surefire-2.12.4.pom
2016-10-20 19:53:32,975 [Worker-12] INFO  o.e.m.c.i.e.AbstractTransferListenerAdapter - Downloading https://repo.maven.apache.org/maven2/org/apache/maven/plugins/maven-jar-plugin/2.4/maven-jar-plugin-2.4.pom
2016-10-20 19:53:33,162 [Worker-12] INFO  o.e.m.c.i.e.AbstractTransferListenerAdapter - Downloaded https://repo.maven.apache.org/maven2/org/apache/maven/plugins/maven-jar-plugin/2.4/maven-jar-plugin-2.4.pom
2016-10-20 19:53:33,323 [Worker-12] INFO  o.e.m.c.i.e.AbstractTransferListenerAdapter - Downloading https://repo.maven.apache.org/maven2/org/apache/maven/plugins/maven-plugins/22/maven-plugins-22.pom
2016-10-20 19:53:33,633 [Worker-12] INFO  o.e.m.c.i.e.AbstractTransferListenerAdapter - Downloaded https://repo.maven.apache.org/maven2/org/apache/maven/plugins/maven-plugins/22/maven-plugins-22.pom
2016-10-20 19:53:33,890 [Worker-12] INFO  o.e.m.c.i.e.AbstractTransferListenerAdapter - Downloading https://repo.maven.apache.org/maven2/org/apache/maven/maven-archiver/2.5/maven-archiver-2.5.pom
2016-10-20 19:53:34,176 [Worker-12] INFO  o.e.m.c.i.e.AbstractTransferListenerAdapter - Downloaded https://repo.maven.apache.org/maven2/org/apache/maven/maven-archiver/2.5/maven-archiver-2.5.pom
2016-10-20 19:53:34,583 [Worker-12] INFO  o.e.m.c.i.e.AbstractTransferListenerAdapter - Downloading https://repo.maven.apache.org/maven2/org/codehaus/plexus/plexus-archiver/2.1/plexus-archiver-2.1.pom
2016-10-20 19:53:34,977 [Worker-12] INFO  o.e.m.c.i.e.AbstractTransferListenerAdapter - Downloaded https://repo.maven.apache.org/maven2/org/codehaus/plexus/plexus-archiver/2.1/plexus-archiver-2.1.pom
2016-10-20 19:53:35,362 [Worker-12] INFO  o.e.m.c.i.e.AbstractTransferListenerAdapter - Downloading https://repo.maven.apache.org/maven2/org/codehaus/plexus/plexus-io/2.0.2/plexus-io-2.0.2.pom
2016-10-20 19:53:35,693 [Worker-12] INFO  o.e.m.c.i.e.AbstractTransferListenerAdapter - Downloaded https://repo.maven.apache.org/maven2/org/codehaus/plexus/plexus-io/2.0.2/plexus-io-2.0.2.pom
2016-10-20 19:53:36,099 [Worker-12] INFO  o.e.m.c.i.e.AbstractTransferListenerAdapter - Downloading https://repo.maven.apache.org/maven2/org/codehaus/plexus/plexus-interpolation/1.15/plexus-interpolation-1.15.pom
2016-10-20 19:53:36,433 [Worker-12] INFO  o.e.m.c.i.e.AbstractTransferListenerAdapter - Downloaded https://repo.maven.apache.org/maven2/org/codehaus/plexus/plexus-interpolation/1.15/plexus-interpolation-1.15.pom
2016-10-20 19:53:36,757 [Worker-12] INFO  o.e.m.c.i.e.AbstractTransferListenerAdapter - Downloading https://repo.maven.apache.org/maven2/classworlds/classworlds/1.1-alpha-2/classworlds-1.1-alpha-2.jar
2016-10-20 19:53:37,207 [Worker-12] INFO  o.e.m.c.i.e.AbstractTransferListenerAdapter - Downloaded https://repo.maven.apache.org/maven2/classworlds/classworlds/1.1-alpha-2/classworlds-1.1-alpha-2.jar
2016-10-20 19:53:37,423 [Worker-12] INFO  o.e.m.c.i.e.AbstractTransferListenerAdapter - Downloading https://repo.maven.apache.org/maven2/org/apache/maven/maven-archiver/2.5/maven-archiver-2.5.jar
2016-10-20 19:53:38,037 [Worker-12] INFO  o.e.m.c.i.e.AbstractTransferListenerAdapter - Downloaded https://repo.maven.apache.org/maven2/org/apache/maven/maven-archiver/2.5/maven-archiver-2.5.jar
2016-10-20 19:53:38,280 [Worker-12] INFO  o.e.m.c.i.e.AbstractTransferListenerAdapter - Downloading https://repo.maven.apache.org/maven2/org/codehaus/plexus/plexus-interpolation/1.15/plexus-interpolation-1.15.jar
2016-10-20 19:53:39,279 [Worker-12] INFO  o.e.m.c.i.e.AbstractTransferListenerAdapter - Downloaded https://repo.maven.apache.org/maven2/org/codehaus/plexus/plexus-interpolation/1.15/plexus-interpolation-1.15.jar
2016-10-20 19:53:39,446 [Worker-12] INFO  o.e.m.c.i.e.AbstractTransferListenerAdapter - Downloading https://repo.maven.apache.org/maven2/org/codehaus/plexus/plexus-archiver/2.1/plexus-archiver-2.1.jar
2016-10-20 19:53:42,114 [Worker-12] INFO  o.e.m.c.i.e.AbstractTransferListenerAdapter - Downloaded https://repo.maven.apache.org/maven2/org/codehaus/plexus/plexus-archiver/2.1/plexus-archiver-2.1.jar
2016-10-20 19:53:42,536 [Worker-12] INFO  o.e.m.c.i.e.AbstractTransferListenerAdapter - Downloading https://repo.maven.apache.org/maven2/org/codehaus/plexus/plexus-io/2.0.2/plexus-io-2.0.2.jar
2016-10-20 19:53:43,600 [Worker-12] INFO  o.e.m.c.i.e.AbstractTransferListenerAdapter - Downloaded https://repo.maven.apache.org/maven2/org/codehaus/plexus/plexus-io/2.0.2/plexus-io-2.0.2.jar
2016-10-20 19:53:44,337 [Worker-12] INFO  o.e.m.c.i.embedder.EclipseLogger - Using 'UTF-8' encoding to copy filtered resources.
2016-10-20 19:53:44,348 [Worker-12] INFO  o.e.m.c.i.embedder.EclipseLogger - Copying 0 resource
2016-10-20 19:53:44,352 [Worker-12] INFO  o.e.m.c.i.embedder.EclipseLogger - Using 'UTF-8' encoding to copy filtered resources.
2016-10-20 19:53:44,352 [Worker-12] INFO  o.e.m.c.i.embedder.EclipseLogger - skip non existing resourceDirectory /Users/eduardocorreadesa/Documents/progweb-git/Workspace/ContasReceber/src/test/resources
2016-10-20 19:53:45,507 [Worker-12] WARN  o.e.m.c.i.embedder.EclipseLogger - The POM for unknown.binary:AbsoluteLayout:jar:SNAPSHOT is missing, no dependency information available
2016-10-20 19:53:45,831 [Worker-2] INFO  o.e.m.c.i.l.LifecycleMappingFactory - Using org.eclipse.m2e.jdt.JarLifecycleMapping lifecycle mapping for MavenProject: ContasReceber:ContasReceber:0.0.1-SNAPSHOT @ /Users/eduardocorreadesa/Documents/progweb-git/Workspace/ContasReceber/pom.xml.
2016-10-20 19:53:45,835 [Worker-2] WARN  o.e.m.c.i.embedder.EclipseLogger - The POM for unknown.binary:AbsoluteLayout:jar:SNAPSHOT is missing, no dependency information available
2016-10-20 19:53:45,851 [Worker-12] INFO  o.e.m.c.i.embedder.EclipseLogger - Using 'UTF-8' encoding to copy filtered resources.
2016-10-20 19:53:45,861 [Worker-12] INFO  o.e.m.c.i.embedder.EclipseLogger - Copying 0 resource
2016-10-20 19:53:45,864 [Worker-12] INFO  o.e.m.c.i.embedder.EclipseLogger - Using 'UTF-8' encoding to copy filtered resources.
2016-10-20 19:53:45,864 [Worker-12] INFO  o.e.m.c.i.embedder.EclipseLogger - skip non existing resourceDirectory /Users/eduardocorreadesa/Documents/progweb-git/Workspace/ContasReceber/src/test/resources
2016-10-20 19:53:46,386 [Worker-17] WARN  o.e.m.c.i.embedder.EclipseLogger - The POM for unknown.binary:AbsoluteLayout:jar:SNAPSHOT is missing, no dependency information available
2016-10-20 19:53:46,408 [Worker-17] INFO  o.e.m.c.i.embedder.EclipseLogger - Using 'UTF-8' encoding to copy filtered resources.
2016-10-20 19:53:46,408 [Worker-17] INFO  o.e.m.c.i.embedder.EclipseLogger - Copying 0 resource
2016-10-20 19:53:46,412 [Worker-17] INFO  o.e.m.c.i.embedder.EclipseLogger - Using 'UTF-8' encoding to copy filtered resources.
2016-10-20 19:53:46,412 [Worker-17] INFO  o.e.m.c.i.embedder.EclipseLogger - skip non existing resourceDirectory /Users/eduardocorreadesa/Documents/progweb-git/Workspace/ContasReceber/src/test/resources
2016-11-07 19:28:07,167 [Worker-6] WARN  o.e.m.c.i.embedder.EclipseLogger - The POM for unknown.binary:AbsoluteLayout:jar:SNAPSHOT is missing, no dependency information available
2016-11-07 19:28:08,346 [Worker-6] INFO  o.e.m.c.i.embedder.EclipseLogger - Using 'UTF-8' encoding to copy filtered resources.
2016-11-07 19:28:08,362 [Worker-6] INFO  o.e.m.c.i.embedder.EclipseLogger - Copying 0 resource
2016-11-07 19:28:08,367 [Worker-6] INFO  o.e.m.c.i.embedder.EclipseLogger - Using 'UTF-8' encoding to copy filtered resources.
2016-11-07 19:28:08,368 [Worker-6] INFO  o.e.m.c.i.embedder.EclipseLogger - skip non existing resourceDirectory /Users/eduardocorreadesa/Documents/progweb-git/Workspace/ContasReceber/src/test/resources
